Starting analysis...
2024-12-18 01:25:15,664 - INFO - Starting enhanced analysis of the app...
2024-12-18 01:25:15,665 - INFO - Attempting database connection...
2024-12-18 01:25:15,682 - INFO - Database connection established successfully.
2024-12-18 01:25:15,682 - INFO - Database connection established.
2024-12-18 01:25:15,682 - INFO - Parsing screens and navigation edges...
2024-12-18 01:25:16,104 - INFO - Parsing API calls...
Total API calls parsed: 123
2024-12-18 01:25:16,510 - INFO - Parsing dependencies...
2024-12-18 01:25:16,626 - INFO - Analyzing platform-specific code...
2024-12-18 01:25:16,626 - INFO - Starting platform-specific code analysis...
2024-12-18 01:25:16,818 - INFO - Platform-specific analysis complete.
2024-12-18 01:25:16,818 - INFO - Analyzing UI patterns...
2024-12-18 01:25:17,066 - INFO - Analyzing device styling...
2024-12-18 01:25:17,290 - INFO - Analyzing API behavior differences...
2024-12-18 01:25:17,575 - INFO - Analyzing assets...
2024-12-18 01:25:17,604 - INFO - Analyzing testing coverage...
2024-12-18 01:25:17,821 - INFO - Analyzing permissions mapping...
2024-12-18 01:25:17,855 - INFO - Analyzing build recommendations...
2024-12-18 01:25:17,883 - INFO - Analyzing gestures and native modules...
2024-12-18 01:25:18,098 - INFO - Analyzing porting progress...
2024-12-18 01:25:18,127 - INFO - Analyzing performance issues...
2024-12-18 01:25:18,208 - INFO - Inserting screens...
2024-12-18 01:25:18,248 - INFO - Inserting API calls...
2024-12-18 01:25:18,260 - INFO - Inserting dependencies...
2024-12-18 01:25:18,917 - INFO - Inserting platform issues...
2024-12-18 01:25:18,920 - INFO - Inserting navigation paths...
2024-12-18 01:25:18,921 - INFO - Inserting UI patterns...
2024-12-18 01:25:18,925 - INFO - Inserting device styling issues...
2024-12-18 01:25:18,947 - INFO - Inserting API behavior differences...
2024-12-18 01:25:18,948 - INFO - Inserting assets...
2024-12-18 01:25:18,948 - INFO - Inserting testing coverage info...
2024-12-18 01:25:18,975 - INFO - Inserting permissions mapping...
2024-12-18 01:25:18,976 - INFO - Inserting build recommendations...
2024-12-18 01:25:18,977 - INFO - Inserting gestures mapping...
2024-12-18 01:25:18,977 - INFO - Inserting native modules mapping...
2024-12-18 01:25:18,978 - INFO - Inserting progress dashboard data...
2024-12-18 01:25:18,978 - INFO - Inserting performance issues...
2024-12-18 01:25:18,979 - INFO - Analysis complete! View the results in the dashboard.
2024-12-18 01:25:18,979 - INFO - Database connection closed.
2024-12-18 01:25:18,979 - INFO - Database connection closed.
Analysis triggered, check logs for progress.
